<?xml version="1.0" encoding="utf-8"?><testsuites name="pytest tests"><testsuite name="pytest" errors="0" failures="0" skipped="0" tests="15" time="10.847" timestamp="2026-03-11T12:19:43.285676+00:00" hostname="agent-env-d3ce2610-7f9a-4905-ac22-bf96342a0e58"><testcase classname="backend.tests.test_email_forms.TestContactEndpoint" name="test_contact_success_full_payload" time="1.888" /><testcase classname="backend.tests.test_email_forms.TestContactEndpoint" name="test_contact_success_minimal_payload" time="1.880" /><testcase classname="backend.tests.test_email_forms.TestContactEndpoint" name="test_contact_missing_nom" time="0.131" /><testcase classname="backend.tests.test_email_forms.TestContactEndpoint" name="test_contact_missing_email" time="0.113" /><testcase classname="backend.tests.test_email_forms.TestContactEndpoint" name="test_contact_missing_message" time="0.115" /><testcase classname="backend.tests.test_email_forms.TestContactEndpoint" name="test_contact_empty_body" time="0.148" /><testcase classname="backend.tests.test_email_forms.TestAdhesionEndpoint" name="test_adhesion_success_full_payload" time="1.999" /><testcase classname="backend.tests.test_email_forms.TestAdhesionEndpoint" name="test_adhesion_success_minimal_payload" time="1.831" /><testcase classname="backend.tests.test_email_forms.TestAdhesionEndpoint" name="test_adhesion_default_type" time="1.858" /><testcase classname="backend.tests.test_email_forms.TestAdhesionEndpoint" name="test_adhesion_missing_prenom" time="0.099" /><testcase classname="backend.tests.test_email_forms.TestAdhesionEndpoint" name="test_adhesion_missing_nom" time="0.146" /><testcase classname="backend.tests.test_email_forms.TestAdhesionEndpoint" name="test_adhesion_missing_email" time="0.103" /><testcase classname="backend.tests.test_email_forms.TestAdhesionEndpoint" name="test_adhesion_missing_motivation" time="0.141" /><testcase classname="backend.tests.test_email_forms.TestAdhesionEndpoint" name="test_adhesion_empty_body" time="0.106" /><testcase classname="backend.tests.test_email_forms.TestApiHealth" name="test_api_root" time="0.107" /></testsuite></testsuites>